<?xml version="1.0" encoding="UTF-8"?>
<testng-results ignored="0" total="1" passed="1" failed="0" skipped="0">
  <reporter-output>
  </reporter-output>
  <suite started-at="2021-02-05T11:06:58 GMT" name="Default suite" finished-at="2021-02-05T11:07:00 GMT" duration-ms="1455">
    <groups>
    </groups>
    <test started-at="2021-02-05T11:06:58 GMT" name="Default test" finished-at="2021-02-05T11:07:00 GMT" duration-ms="1455">
      <class name="ai.djl.serving.ModelServerTest">
        <test-method is-config="true" signature="beforeSuite()[pri:0, instance:ai.djl.serving.ModelServerTest@7adf16aa]" started-at="2021-02-05T11:06:57 GMT" name="beforeSuite" finished-at="2021-02-05T11:06:58 GMT" duration-ms="997" status="PASS">
          <reporter-output>
          </reporter-output>
        </test-method> <!-- beforeSuite -->
        <test-method signature="test()[pri:0, instance:ai.djl.serving.ModelServerTest@7adf16aa]" started-at="2021-02-05T11:06:58 GMT" name="test" finished-at="2021-02-05T11:07:00 GMT" duration-ms="1432" status="PASS">
          <reporter-output>
          </reporter-output>
        </test-method> <!-- test -->
        <test-method is-config="true" signature="afterSuite()[pri:0, instance:ai.djl.serving.ModelServerTest@7adf16aa]" started-at="2021-02-05T11:07:00 GMT" name="afterSuite" finished-at="2021-02-05T11:07:02 GMT" duration-ms="2083" status="PASS">
          <reporter-output>
          </reporter-output>
        </test-method> <!-- afterSuite -->
      </class> <!-- ai.djl.serving.ModelServerTest -->
    </test> <!-- Default test -->
  </suite> <!-- Default suite -->
</testng-results>
